<?xml version="1.0" encoding="UTF-8"?>
<!-- Generated by org.testng.reporters.JUnitXMLReporter -->
<testsuite hostname="INDIA-Karpagam" name="NewTours App" tests="4" failures="0" timestamp="30 Jan 2017 13:55:10 GMT" time="66.218" errors="0">
  <testcase name="LoginHotelLogout" time="8.798" classname="com.perficient.test.LoginScenarios"/>
  <testcase name="LoginHotelLogout" time="8.745" classname="com.perficient.test.LoginScenarios"/>
  <testcase name="LoginLogout" time="7.458" classname="com.perficient.test.LoginScenarios"/>
  <testcase name="LoginLogout" time="17.126" classname="com.perficient.test.LoginScenarios"/>
</testsuite> <!-- NewTours App -->
