<?xml version="1.0" encoding="UTF-8"?>
<testsuite name="Sample Test"
           tests="6"
           failures="0"
           errors="0"
           skipped="0"
           time="0.015">
  <properties />
  
  
            <testcase name="localTest3" time="0.003" classname="com.perficient.test.MimicValidation" />
                <testcase name="localTest2" time="0.001" classname="com.perficient.test.MimicValidation" />
                <testcase name="localTest1" time="0.006" classname="com.perficient.test.MimicValidation" />
                <testcase name="localTest1" time="0.002" classname="com.perficient.test.MimicValidation" />
                <testcase name="localTest3" time="0.001" classname="com.perficient.test.MimicValidation" />
                <testcase name="localTest3" time="0.002" classname="com.perficient.test.MimicValidation" />
      
</testsuite>
